CRITICAL - 2022-08-12 03:07:54 --> There is no data to insert.
#0 D:\xammp\htdocs\ileap_portal_new\system\Model.php(679): CodeIgniter\Database\Exceptions\DataException::forEmptyDataset('insert')
#1 D:\xammp\htdocs\ileap_portal_new\app\Controllers\Products.php(40): CodeIgniter\Model->insert(NULL)
#2 D:\xammp\htdocs\ileap_portal_new\system\CodeIgniter.php(914): App\Controllers\Products->create()
#3 D:\xammp\htdocs\ileap_portal_new\system\CodeIgniter.php(400): CodeIgniter\CodeIgniter->runController(Object(App\Controllers\Products))
#4 D:\xammp\htdocs\ileap_portal_new\system\CodeIgniter.php(308): CodeIgniter\CodeIgniter->handleRequest(NULL, Object(Config\Cache), false)
#5 D:\xammp\htdocs\ileap_portal_new\index.php(45): CodeIgniter\CodeIgniter->run()
#6 {main}
CRITICAL - 2022-08-12 05:23:16 --> Class 'App\Models\MembersModel' not found
#0 D:\xammp\htdocs\ileap_portal_new\system\CodeIgniter.php(914): App\Controllers\Members->index()
#1 D:\xammp\htdocs\ileap_portal_new\system\CodeIgniter.php(400): CodeIgniter\CodeIgniter->runController(Object(App\Controllers\Members))
#2 D:\xammp\htdocs\ileap_portal_new\system\CodeIgniter.php(308): CodeIgniter\CodeIgniter->handleRequest(NULL, Object(Config\Cache), false)
#3 D:\xammp\htdocs\ileap_portal_new\index.php(45): CodeIgniter\CodeIgniter->run()
#4 {main}
CRITICAL - 2022-08-12 05:26:27 --> Class 'App\Models\MembersModel' not found
#0 D:\xammp\htdocs\ileap_portal_new\system\CodeIgniter.php(914): App\Controllers\Members->index()
#1 D:\xammp\htdocs\ileap_portal_new\system\CodeIgniter.php(400): CodeIgniter\CodeIgniter->runController(Object(App\Controllers\Members))
#2 D:\xammp\htdocs\ileap_portal_new\system\CodeIgniter.php(308): CodeIgniter\CodeIgniter->handleRequest(NULL, Object(Config\Cache), false)
#3 D:\xammp\htdocs\ileap_portal_new\index.php(45): CodeIgniter\CodeIgniter->run()
#4 {main}
CRITICAL - 2022-08-12 05:27:10 --> Class 'App\Models\MembersModel' not found
#0 D:\xammp\htdocs\ileap_portal_new\system\CodeIgniter.php(914): App\Controllers\Members->index()
#1 D:\xammp\htdocs\ileap_portal_new\system\CodeIgniter.php(400): CodeIgniter\CodeIgniter->runController(Object(App\Controllers\Members))
#2 D:\xammp\htdocs\ileap_portal_new\system\CodeIgniter.php(308): CodeIgniter\CodeIgniter->handleRequest(NULL, Object(Config\Cache), false)
#3 D:\xammp\htdocs\ileap_portal_new\index.php(45): CodeIgniter\CodeIgniter->run()
#4 {main}
CRITICAL - 2022-08-12 05:28:02 --> Class 'App\Models\MembersModel' not found
#0 D:\xammp\htdocs\ileap_portal_new\system\CodeIgniter.php(914): App\Controllers\Members->index()
#1 D:\xammp\htdocs\ileap_portal_new\system\CodeIgniter.php(400): CodeIgniter\CodeIgniter->runController(Object(App\Controllers\Members))
#2 D:\xammp\htdocs\ileap_portal_new\system\CodeIgniter.php(308): CodeIgniter\CodeIgniter->handleRequest(NULL, Object(Config\Cache), false)
#3 D:\xammp\htdocs\ileap_portal_new\index.php(45): CodeIgniter\CodeIgniter->run()
#4 {main}
CRITICAL - 2022-08-12 05:42:34 --> Unknown column 'product_id' in 'where clause'
#0 D:\xammp\htdocs\ileap_portal_new\system\Database\MySQLi\Connection.php(331): mysqli->query('SELECT *\nFROM `...')
#1 D:\xammp\htdocs\ileap_portal_new\system\Database\BaseConnection.php(738): CodeIgniter\Database\MySQLi\Connection->execute('SELECT *\nFROM `...')
#2 D:\xammp\htdocs\ileap_portal_new\system\Database\BaseConnection.php(666): CodeIgniter\Database\BaseConnection->simpleQuery('SELECT *\nFROM `...')
#3 D:\xammp\htdocs\ileap_portal_new\system\Database\BaseBuilder.php(2004): CodeIgniter\Database\BaseConnection->query('SELECT *\nFROM `...', Array, false)
#4 D:\xammp\htdocs\ileap_portal_new\system\Model.php(1716): CodeIgniter\Database\BaseBuilder->getWhere(Array)
#5 D:\xammp\htdocs\ileap_portal_new\app\Controllers\Members.php(22): CodeIgniter\Model->__call('getWhere', Array)
#6 D:\xammp\htdocs\ileap_portal_new\system\CodeIgniter.php(914): App\Controllers\Members->show()
#7 D:\xammp\htdocs\ileap_portal_new\system\CodeIgniter.php(400): CodeIgniter\CodeIgniter->runController(Object(App\Controllers\Members))
#8 D:\xammp\htdocs\ileap_portal_new\system\CodeIgniter.php(308): CodeIgniter\CodeIgniter->handleRequest(NULL, Object(Config\Cache), false)
#9 D:\xammp\htdocs\ileap_portal_new\index.php(45): CodeIgniter\CodeIgniter->run()
#10 {main}
CRITICAL - 2022-08-12 05:43:01 --> Unknown column 'product_id' in 'where clause'
#0 D:\xammp\htdocs\ileap_portal_new\system\Database\MySQLi\Connection.php(331): mysqli->query('SELECT *\nFROM `...')
#1 D:\xammp\htdocs\ileap_portal_new\system\Database\BaseConnection.php(738): CodeIgniter\Database\MySQLi\Connection->execute('SELECT *\nFROM `...')
#2 D:\xammp\htdocs\ileap_portal_new\system\Database\BaseConnection.php(666): CodeIgniter\Database\BaseConnection->simpleQuery('SELECT *\nFROM `...')
#3 D:\xammp\htdocs\ileap_portal_new\system\Database\BaseBuilder.php(2004): CodeIgniter\Database\BaseConnection->query('SELECT *\nFROM `...', Array, false)
#4 D:\xammp\htdocs\ileap_portal_new\system\Model.php(1716): CodeIgniter\Database\BaseBuilder->getWhere(Array)
#5 D:\xammp\htdocs\ileap_portal_new\app\Controllers\Members.php(22): CodeIgniter\Model->__call('getWhere', Array)
#6 D:\xammp\htdocs\ileap_portal_new\system\CodeIgniter.php(914): App\Controllers\Members->show()
#7 D:\xammp\htdocs\ileap_portal_new\system\CodeIgniter.php(400): CodeIgniter\CodeIgniter->runController(Object(App\Controllers\Members))
#8 D:\xammp\htdocs\ileap_portal_new\system\CodeIgniter.php(308): CodeIgniter\CodeIgniter->handleRequest(NULL, Object(Config\Cache), false)
#9 D:\xammp\htdocs\ileap_portal_new\index.php(45): CodeIgniter\CodeIgniter->run()
#10 {main}
CRITICAL - 2022-08-12 05:43:19 --> Unknown column 'product_id' in 'where clause'
#0 D:\xammp\htdocs\ileap_portal_new\system\Database\MySQLi\Connection.php(331): mysqli->query('SELECT *\nFROM `...')
#1 D:\xammp\htdocs\ileap_portal_new\system\Database\BaseConnection.php(738): CodeIgniter\Database\MySQLi\Connection->execute('SELECT *\nFROM `...')
#2 D:\xammp\htdocs\ileap_portal_new\system\Database\BaseConnection.php(666): CodeIgniter\Database\BaseConnection->simpleQuery('SELECT *\nFROM `...')
#3 D:\xammp\htdocs\ileap_portal_new\system\Database\BaseBuilder.php(2004): CodeIgniter\Database\BaseConnection->query('SELECT *\nFROM `...', Array, false)
#4 D:\xammp\htdocs\ileap_portal_new\system\Model.php(1716): CodeIgniter\Database\BaseBuilder->getWhere(Array)
#5 D:\xammp\htdocs\ileap_portal_new\app\Controllers\Members.php(22): CodeIgniter\Model->__call('getWhere', Array)
#6 D:\xammp\htdocs\ileap_portal_new\system\CodeIgniter.php(914): App\Controllers\Members->show('1')
#7 D:\xammp\htdocs\ileap_portal_new\system\CodeIgniter.php(400): CodeIgniter\CodeIgniter->runController(Object(App\Controllers\Members))
#8 D:\xammp\htdocs\ileap_portal_new\system\CodeIgniter.php(308): CodeIgniter\CodeIgniter->handleRequest(NULL, Object(Config\Cache), false)
#9 D:\xammp\htdocs\ileap_portal_new\index.php(45): CodeIgniter\CodeIgniter->run()
#10 {main}
CRITICAL - 2022-08-12 06:57:58 --> There is no data to insert.
#0 D:\xammp\htdocs\ileap_portal_new\system\Model.php(679): CodeIgniter\Database\Exceptions\DataException::forEmptyDataset('insert')
#1 D:\xammp\htdocs\ileap_portal_new\app\Controllers\Products.php(40): CodeIgniter\Model->insert(NULL)
#2 D:\xammp\htdocs\ileap_portal_new\system\CodeIgniter.php(914): App\Controllers\Products->create()
#3 D:\xammp\htdocs\ileap_portal_new\system\CodeIgniter.php(400): CodeIgniter\CodeIgniter->runController(Object(App\Controllers\Products))
#4 D:\xammp\htdocs\ileap_portal_new\system\CodeIgniter.php(308): CodeIgniter\CodeIgniter->handleRequest(NULL, Object(Config\Cache), false)
#5 D:\xammp\htdocs\ileap_portal_new\index.php(45): CodeIgniter\CodeIgniter->run()
#6 {main}
CRITICAL - 2022-08-12 06:58:05 --> There is no data to insert.
#0 D:\xammp\htdocs\ileap_portal_new\system\Model.php(679): CodeIgniter\Database\Exceptions\DataException::forEmptyDataset('insert')
#1 D:\xammp\htdocs\ileap_portal_new\app\Controllers\Products.php(40): CodeIgniter\Model->insert(NULL)
#2 D:\xammp\htdocs\ileap_portal_new\system\CodeIgniter.php(914): App\Controllers\Products->create()
#3 D:\xammp\htdocs\ileap_portal_new\system\CodeIgniter.php(400): CodeIgniter\CodeIgniter->runController(Object(App\Controllers\Products))
#4 D:\xammp\htdocs\ileap_portal_new\system\CodeIgniter.php(308): CodeIgniter\CodeIgniter->handleRequest(NULL, Object(Config\Cache), false)
#5 D:\xammp\htdocs\ileap_portal_new\index.php(45): CodeIgniter\CodeIgniter->run()
#6 {main}
CRITICAL - 2022-08-12 06:58:25 --> There is no data to insert.
#0 D:\xammp\htdocs\ileap_portal_new\system\Model.php(679): CodeIgniter\Database\Exceptions\DataException::forEmptyDataset('insert')
#1 D:\xammp\htdocs\ileap_portal_new\app\Controllers\Products.php(40): CodeIgniter\Model->insert(NULL)
#2 D:\xammp\htdocs\ileap_portal_new\system\CodeIgniter.php(914): App\Controllers\Products->create()
#3 D:\xammp\htdocs\ileap_portal_new\system\CodeIgniter.php(400): CodeIgniter\CodeIgniter->runController(Object(App\Controllers\Products))
#4 D:\xammp\htdocs\ileap_portal_new\system\CodeIgniter.php(308): CodeIgniter\CodeIgniter->handleRequest(NULL, Object(Config\Cache), false)
#5 D:\xammp\htdocs\ileap_portal_new\index.php(45): CodeIgniter\CodeIgniter->run()
#6 {main}
CRITICAL - 2022-08-12 06:58:59 --> There is no data to insert.
#0 D:\xammp\htdocs\ileap_portal_new\system\Model.php(679): CodeIgniter\Database\Exceptions\DataException::forEmptyDataset('insert')
#1 D:\xammp\htdocs\ileap_portal_new\app\Controllers\Products.php(40): CodeIgniter\Model->insert(NULL)
#2 D:\xammp\htdocs\ileap_portal_new\system\CodeIgniter.php(914): App\Controllers\Products->create()
#3 D:\xammp\htdocs\ileap_portal_new\system\CodeIgniter.php(400): CodeIgniter\CodeIgniter->runController(Object(App\Controllers\Products))
#4 D:\xammp\htdocs\ileap_portal_new\system\CodeIgniter.php(308): CodeIgniter\CodeIgniter->handleRequest(NULL, Object(Config\Cache), false)
#5 D:\xammp\htdocs\ileap_portal_new\index.php(45): CodeIgniter\CodeIgniter->run()
#6 {main}
CRITICAL - 2022-08-12 07:01:16 --> There is no data to insert.
#0 D:\xammp\htdocs\ileap_portal_new\system\Model.php(679): CodeIgniter\Database\Exceptions\DataException::forEmptyDataset('insert')
#1 D:\xammp\htdocs\ileap_portal_new\app\Controllers\Products.php(40): CodeIgniter\Model->insert(NULL)
#2 D:\xammp\htdocs\ileap_portal_new\system\CodeIgniter.php(914): App\Controllers\Products->create()
#3 D:\xammp\htdocs\ileap_portal_new\system\CodeIgniter.php(400): CodeIgniter\CodeIgniter->runController(Object(App\Controllers\Products))
#4 D:\xammp\htdocs\ileap_portal_new\system\CodeIgniter.php(308): CodeIgniter\CodeIgniter->handleRequest(NULL, Object(Config\Cache), false)
#5 D:\xammp\htdocs\ileap_portal_new\index.php(45): CodeIgniter\CodeIgniter->run()
#6 {main}
CRITICAL - 2022-08-12 07:02:31 --> There is no data to insert.
#0 D:\xammp\htdocs\ileap_portal_new\system\Model.php(679): CodeIgniter\Database\Exceptions\DataException::forEmptyDataset('insert')
#1 D:\xammp\htdocs\ileap_portal_new\app\Controllers\Products.php(40): CodeIgniter\Model->insert(NULL)
#2 D:\xammp\htdocs\ileap_portal_new\system\CodeIgniter.php(914): App\Controllers\Products->create()
#3 D:\xammp\htdocs\ileap_portal_new\system\CodeIgniter.php(400): CodeIgniter\CodeIgniter->runController(Object(App\Controllers\Products))
#4 D:\xammp\htdocs\ileap_portal_new\system\CodeIgniter.php(308): CodeIgniter\CodeIgniter->handleRequest(NULL, Object(Config\Cache), false)
#5 D:\xammp\htdocs\ileap_portal_new\index.php(45): CodeIgniter\CodeIgniter->run()
#6 {main}
CRITICAL - 2022-08-12 07:07:37 --> There is no data to insert.
#0 D:\xammp\htdocs\ileap_portal_new\system\Model.php(679): CodeIgniter\Database\Exceptions\DataException::forEmptyDataset('insert')
#1 D:\xammp\htdocs\ileap_portal_new\app\Controllers\Products.php(41): CodeIgniter\Model->insert(NULL)
#2 D:\xammp\htdocs\ileap_portal_new\system\CodeIgniter.php(914): App\Controllers\Products->create()
#3 D:\xammp\htdocs\ileap_portal_new\system\CodeIgniter.php(400): CodeIgniter\CodeIgniter->runController(Object(App\Controllers\Products))
#4 D:\xammp\htdocs\ileap_portal_new\system\CodeIgniter.php(308): CodeIgniter\CodeIgniter->handleRequest(NULL, Object(Config\Cache), false)
#5 D:\xammp\htdocs\ileap_portal_new\index.php(45): CodeIgniter\CodeIgniter->run()
#6 {main}
CRITICAL - 2022-08-12 08:22:18 --> Undefined index: product_name
#0 D:\xammp\htdocs\ileap_portal_new\app\Controllers\Products.php(82): CodeIgniter\Debug\Exceptions->errorHandler(8, 'Undefined index...', 'D:\\xammp\\htdocs...', 82, Array)
#1 D:\xammp\htdocs\ileap_portal_new\system\CodeIgniter.php(914): App\Controllers\Products->update()
#2 D:\xammp\htdocs\ileap_portal_new\system\CodeIgniter.php(400): CodeIgniter\CodeIgniter->runController(Object(App\Controllers\Products))
#3 D:\xammp\htdocs\ileap_portal_new\system\CodeIgniter.php(308): CodeIgniter\CodeIgniter->handleRequest(NULL, Object(Config\Cache), false)
#4 D:\xammp\htdocs\ileap_portal_new\index.php(45): CodeIgniter\CodeIgniter->run()
#5 {main}
CRITICAL - 2022-08-12 08:23:09 --> Undefined index: product_name
#0 D:\xammp\htdocs\ileap_portal_new\app\Controllers\Products.php(82): CodeIgniter\Debug\Exceptions->errorHandler(8, 'Undefined index...', 'D:\\xammp\\htdocs...', 82, Array)
#1 D:\xammp\htdocs\ileap_portal_new\system\CodeIgniter.php(914): App\Controllers\Products->update('21')
#2 D:\xammp\htdocs\ileap_portal_new\system\CodeIgniter.php(400): CodeIgniter\CodeIgniter->runController(Object(App\Controllers\Products))
#3 D:\xammp\htdocs\ileap_portal_new\system\CodeIgniter.php(308): CodeIgniter\CodeIgniter->handleRequest(NULL, Object(Config\Cache), false)
#4 D:\xammp\htdocs\ileap_portal_new\index.php(45): CodeIgniter\CodeIgniter->run()
#5 {main}
CRITICAL - 2022-08-12 08:32:17 --> Undefined index: product_name
#0 D:\xammp\htdocs\ileap_portal_new\app\Controllers\Products.php(83): CodeIgniter\Debug\Exceptions->errorHandler(8, 'Undefined index...', 'D:\\xammp\\htdocs...', 83, Array)
#1 D:\xammp\htdocs\ileap_portal_new\system\CodeIgniter.php(914): App\Controllers\Products->update('21')
#2 D:\xammp\htdocs\ileap_portal_new\system\CodeIgniter.php(400): CodeIgniter\CodeIgniter->runController(Object(App\Controllers\Products))
#3 D:\xammp\htdocs\ileap_portal_new\system\CodeIgniter.php(308): CodeIgniter\CodeIgniter->handleRequest(NULL, Object(Config\Cache), false)
#4 D:\xammp\htdocs\ileap_portal_new\index.php(45): CodeIgniter\CodeIgniter->run()
#5 {main}
CRITICAL - 2022-08-12 08:33:18 --> Undefined index: product_name
#0 D:\xammp\htdocs\ileap_portal_new\app\Controllers\Products.php(83): CodeIgniter\Debug\Exceptions->errorHandler(8, 'Undefined index...', 'D:\\xammp\\htdocs...', 83, Array)
#1 D:\xammp\htdocs\ileap_portal_new\system\CodeIgniter.php(914): App\Controllers\Products->update('21')
#2 D:\xammp\htdocs\ileap_portal_new\system\CodeIgniter.php(400): CodeIgniter\CodeIgniter->runController(Object(App\Controllers\Products))
#3 D:\xammp\htdocs\ileap_portal_new\system\CodeIgniter.php(308): CodeIgniter\CodeIgniter->handleRequest(NULL, Object(Config\Cache), false)
#4 D:\xammp\htdocs\ileap_portal_new\index.php(45): CodeIgniter\CodeIgniter->run()
#5 {main}
