CRITICAL - 2022-08-16 01:14:07 --> No connection could be made because the target machine actively refused it.

#0 D:\xammp\htdocs\ileap_portal_new\system\Database\BaseConnection.php(377): CodeIgniter\Database\MySQLi\Connection->connect(false)
#1 D:\xammp\htdocs\ileap_portal_new\system\Database\BaseConnection.php(643): CodeIgniter\Database\BaseConnection->initialize()
#2 D:\xammp\htdocs\ileap_portal_new\system\Database\BaseBuilder.php(2004): CodeIgniter\Database\BaseConnection->query('SELECT *\nFROM `...', Array, false)
#3 D:\xammp\htdocs\ileap_portal_new\system\Model.php(1716): CodeIgniter\Database\BaseBuilder->getWhere(Array)
#4 D:\xammp\htdocs\ileap_portal_new\app\Controllers\Products.php(22): CodeIgniter\Model->__call('getWhere', Array)
#5 D:\xammp\htdocs\ileap_portal_new\system\CodeIgniter.php(914): App\Controllers\Products->show('12')
#6 D:\xammp\htdocs\ileap_portal_new\system\CodeIgniter.php(400): CodeIgniter\CodeIgniter->runController(Object(App\Controllers\Products))
#7 D:\xammp\htdocs\ileap_portal_new\system\CodeIgniter.php(308): CodeIgniter\CodeIgniter->handleRequest(NULL, Object(Config\Cache), false)
#8 D:\xammp\htdocs\ileap_portal_new\index.php(45): CodeIgniter\CodeIgniter->run()
#9 {main}
CRITICAL - 2022-08-16 01:22:42 --> No connection could be made because the target machine actively refused it.

#0 D:\xammp\htdocs\ileap_portal_new\system\Database\BaseConnection.php(377): CodeIgniter\Database\MySQLi\Connection->connect(false)
#1 D:\xammp\htdocs\ileap_portal_new\system\Database\BaseConnection.php(643): CodeIgniter\Database\BaseConnection->initialize()
#2 D:\xammp\htdocs\ileap_portal_new\system\Database\BaseBuilder.php(2004): CodeIgniter\Database\BaseConnection->query('SELECT *\nFROM `...', Array, false)
#3 D:\xammp\htdocs\ileap_portal_new\system\Model.php(1716): CodeIgniter\Database\BaseBuilder->getWhere(Array)
#4 D:\xammp\htdocs\ileap_portal_new\app\Controllers\Products.php(22): CodeIgniter\Model->__call('getWhere', Array)
#5 D:\xammp\htdocs\ileap_portal_new\system\CodeIgniter.php(914): App\Controllers\Products->show('14')
#6 D:\xammp\htdocs\ileap_portal_new\system\CodeIgniter.php(400): CodeIgniter\CodeIgniter->runController(Object(App\Controllers\Products))
#7 D:\xammp\htdocs\ileap_portal_new\system\CodeIgniter.php(308): CodeIgniter\CodeIgniter->handleRequest(NULL, Object(Config\Cache), false)
#8 D:\xammp\htdocs\ileap_portal_new\index.php(45): CodeIgniter\CodeIgniter->run()
#9 {main}
CRITICAL - 2022-08-16 01:23:47 --> No connection could be made because the target machine actively refused it.

#0 D:\xammp\htdocs\ileap_portal_new\system\Database\BaseConnection.php(377): CodeIgniter\Database\MySQLi\Connection->connect(false)
#1 D:\xammp\htdocs\ileap_portal_new\system\Database\BaseConnection.php(643): CodeIgniter\Database\BaseConnection->initialize()
#2 D:\xammp\htdocs\ileap_portal_new\system\Database\BaseBuilder.php(2004): CodeIgniter\Database\BaseConnection->query('SELECT *\nFROM `...', Array, false)
#3 D:\xammp\htdocs\ileap_portal_new\system\Model.php(1716): CodeIgniter\Database\BaseBuilder->getWhere(Array)
#4 D:\xammp\htdocs\ileap_portal_new\app\Controllers\Products.php(22): CodeIgniter\Model->__call('getWhere', Array)
#5 D:\xammp\htdocs\ileap_portal_new\system\CodeIgniter.php(914): App\Controllers\Products->show('14')
#6 D:\xammp\htdocs\ileap_portal_new\system\CodeIgniter.php(400): CodeIgniter\CodeIgniter->runController(Object(App\Controllers\Products))
#7 D:\xammp\htdocs\ileap_portal_new\system\CodeIgniter.php(308): CodeIgniter\CodeIgniter->handleRequest(NULL, Object(Config\Cache), false)
#8 D:\xammp\htdocs\ileap_portal_new\index.php(45): CodeIgniter\CodeIgniter->run()
#9 {main}
CRITICAL - 2022-08-16 01:25:09 --> No connection could be made because the target machine actively refused it.

#0 D:\xammp\htdocs\ileap_portal_new\system\Database\BaseConnection.php(377): CodeIgniter\Database\MySQLi\Connection->connect(false)
#1 D:\xammp\htdocs\ileap_portal_new\system\Database\BaseConnection.php(643): CodeIgniter\Database\BaseConnection->initialize()
#2 D:\xammp\htdocs\ileap_portal_new\system\Database\BaseBuilder.php(2004): CodeIgniter\Database\BaseConnection->query('SELECT *\nFROM `...', Array, false)
#3 D:\xammp\htdocs\ileap_portal_new\system\Model.php(1716): CodeIgniter\Database\BaseBuilder->getWhere(Array)
#4 D:\xammp\htdocs\ileap_portal_new\app\Controllers\Products.php(22): CodeIgniter\Model->__call('getWhere', Array)
#5 D:\xammp\htdocs\ileap_portal_new\system\CodeIgniter.php(914): App\Controllers\Products->show('14')
#6 D:\xammp\htdocs\ileap_portal_new\system\CodeIgniter.php(400): CodeIgniter\CodeIgniter->runController(Object(App\Controllers\Products))
#7 D:\xammp\htdocs\ileap_portal_new\system\CodeIgniter.php(308): CodeIgniter\CodeIgniter->handleRequest(NULL, Object(Config\Cache), false)
#8 D:\xammp\htdocs\ileap_portal_new\index.php(45): CodeIgniter\CodeIgniter->run()
#9 {main}
CRITICAL - 2022-08-16 02:34:55 --> Column 'email_for_parent' cannot be null
#0 D:\xammp\htdocs\ileap_portal_new\system\Database\MySQLi\Connection.php(331): mysqli->query('INSERT INTO `me...')
#1 D:\xammp\htdocs\ileap_portal_new\system\Database\BaseConnection.php(738): CodeIgniter\Database\MySQLi\Connection->execute('INSERT INTO `me...')
#2 D:\xammp\htdocs\ileap_portal_new\system\Database\BaseConnection.php(666): CodeIgniter\Database\BaseConnection->simpleQuery('INSERT INTO `me...')
#3 D:\xammp\htdocs\ileap_portal_new\system\Database\BaseBuilder.php(2234): CodeIgniter\Database\BaseConnection->query('INSERT INTO `me...', Array, false)
#4 D:\xammp\htdocs\ileap_portal_new\system\Model.php(729): CodeIgniter\Database\BaseBuilder->insert()
#5 D:\xammp\htdocs\ileap_portal_new\app\Controllers\Members_new.php(71): CodeIgniter\Model->insert(Array)
#6 D:\xammp\htdocs\ileap_portal_new\system\CodeIgniter.php(914): App\Controllers\Members_new->create_new()
#7 D:\xammp\htdocs\ileap_portal_new\system\CodeIgniter.php(400): CodeIgniter\CodeIgniter->runController(Object(App\Controllers\Members_new))
#8 D:\xammp\htdocs\ileap_portal_new\system\CodeIgniter.php(308): CodeIgniter\CodeIgniter->handleRequest(NULL, Object(Config\Cache), false)
#9 D:\xammp\htdocs\ileap_portal_new\index.php(45): CodeIgniter\CodeIgniter->run()
#10 {main}
CRITICAL - 2022-08-16 02:38:40 --> Unknown column 'id' in 'where clause'
#0 D:\xammp\htdocs\ileap_portal_new\system\Database\MySQLi\Connection.php(331): mysqli->query('SELECT *\nFROM `...')
#1 D:\xammp\htdocs\ileap_portal_new\system\Database\BaseConnection.php(738): CodeIgniter\Database\MySQLi\Connection->execute('SELECT *\nFROM `...')
#2 D:\xammp\htdocs\ileap_portal_new\system\Database\BaseConnection.php(666): CodeIgniter\Database\BaseConnection->simpleQuery('SELECT *\nFROM `...')
#3 D:\xammp\htdocs\ileap_portal_new\system\Database\BaseBuilder.php(2004): CodeIgniter\Database\BaseConnection->query('SELECT *\nFROM `...', Array, false)
#4 D:\xammp\htdocs\ileap_portal_new\system\Model.php(1716): CodeIgniter\Database\BaseBuilder->getWhere(Array)
#5 D:\xammp\htdocs\ileap_portal_new\app\Controllers\Members_new.php(22): CodeIgniter\Model->__call('getWhere', Array)
#6 D:\xammp\htdocs\ileap_portal_new\system\CodeIgniter.php(914): App\Controllers\Members_new->show('1')
#7 D:\xammp\htdocs\ileap_portal_new\system\CodeIgniter.php(400): CodeIgniter\CodeIgniter->runController(Object(App\Controllers\Members_new))
#8 D:\xammp\htdocs\ileap_portal_new\system\CodeIgniter.php(308): CodeIgniter\CodeIgniter->handleRequest(NULL, Object(Config\Cache), false)
#9 D:\xammp\htdocs\ileap_portal_new\index.php(45): CodeIgniter\CodeIgniter->run()
#10 {main}
CRITICAL - 2022-08-16 02:38:46 --> Unknown column 'id' in 'where clause'
#0 D:\xammp\htdocs\ileap_portal_new\system\Database\MySQLi\Connection.php(331): mysqli->query('SELECT *\nFROM `...')
#1 D:\xammp\htdocs\ileap_portal_new\system\Database\BaseConnection.php(738): CodeIgniter\Database\MySQLi\Connection->execute('SELECT *\nFROM `...')
#2 D:\xammp\htdocs\ileap_portal_new\system\Database\BaseConnection.php(666): CodeIgniter\Database\BaseConnection->simpleQuery('SELECT *\nFROM `...')
#3 D:\xammp\htdocs\ileap_portal_new\system\Database\BaseBuilder.php(2004): CodeIgniter\Database\BaseConnection->query('SELECT *\nFROM `...', Array, false)
#4 D:\xammp\htdocs\ileap_portal_new\system\Model.php(1716): CodeIgniter\Database\BaseBuilder->getWhere(Array)
#5 D:\xammp\htdocs\ileap_portal_new\app\Controllers\Members_new.php(22): CodeIgniter\Model->__call('getWhere', Array)
#6 D:\xammp\htdocs\ileap_portal_new\system\CodeIgniter.php(914): App\Controllers\Members_new->show('1')
#7 D:\xammp\htdocs\ileap_portal_new\system\CodeIgniter.php(400): CodeIgniter\CodeIgniter->runController(Object(App\Controllers\Members_new))
#8 D:\xammp\htdocs\ileap_portal_new\system\CodeIgniter.php(308): CodeIgniter\CodeIgniter->handleRequest(NULL, Object(Config\Cache), false)
#9 D:\xammp\htdocs\ileap_portal_new\index.php(45): CodeIgniter\CodeIgniter->run()
#10 {main}
