CRITICAL - 2022-08-18 01:46:27 --> Column 'admin_name' cannot be null
#0 D:\xammp\htdocs\ileap_portal_new\system\Database\MySQLi\Connection.php(331): mysqli->query('INSERT INTO `ad...')
#1 D:\xammp\htdocs\ileap_portal_new\system\Database\BaseConnection.php(738): CodeIgniter\Database\MySQLi\Connection->execute('INSERT INTO `ad...')
#2 D:\xammp\htdocs\ileap_portal_new\system\Database\BaseConnection.php(666): CodeIgniter\Database\BaseConnection->simpleQuery('INSERT INTO `ad...')
#3 D:\xammp\htdocs\ileap_portal_new\system\Database\BaseBuilder.php(2234): CodeIgniter\Database\BaseConnection->query('INSERT INTO `ad...', Array, false)
#4 D:\xammp\htdocs\ileap_portal_new\system\Model.php(729): CodeIgniter\Database\BaseBuilder->insert()
#5 D:\xammp\htdocs\ileap_portal_new\app\Controllers\Admin.php(25): CodeIgniter\Model->insert(Array)
#6 D:\xammp\htdocs\ileap_portal_new\system\CodeIgniter.php(914): App\Controllers\Admin->insert()
#7 D:\xammp\htdocs\ileap_portal_new\system\CodeIgniter.php(400): CodeIgniter\CodeIgniter->runController(Object(App\Controllers\Admin))
#8 D:\xammp\htdocs\ileap_portal_new\system\CodeIgniter.php(308): CodeIgniter\CodeIgniter->handleRequest(NULL, Object(Config\Cache), false)
#9 D:\xammp\htdocs\ileap_portal_new\index.php(45): CodeIgniter\CodeIgniter->run()
#10 {main}
CRITICAL - 2022-08-18 02:28:44 --> Call to undefined function Config\get()
#0 D:\xammp\htdocs\ileap_portal_new\system\Router\RouteCollection.php(750): CodeIgniter\CodeIgniter->Config\{closure}(Object(CodeIgniter\Router\RouteCollection))
#1 D:\xammp\htdocs\ileap_portal_new\app\Config\Routes.php(43): CodeIgniter\Router\RouteCollection->group('Admin', Array, Object(Closure))
#2 D:\xammp\htdocs\ileap_portal_new\system\CodeIgniter.php(776): require('D:\\xammp\\htdocs...')
#3 D:\xammp\htdocs\ileap_portal_new\system\CodeIgniter.php(360): CodeIgniter\CodeIgniter->tryToRouteIt(Object(CodeIgniter\Router\RouteCollection))
#4 D:\xammp\htdocs\ileap_portal_new\system\CodeIgniter.php(308): CodeIgniter\CodeIgniter->handleRequest(NULL, Object(Config\Cache), false)
#5 D:\xammp\htdocs\ileap_portal_new\index.php(45): CodeIgniter\CodeIgniter->run()
#6 {main}
CRITICAL - 2022-08-18 02:28:51 --> Call to undefined function Config\get()
#0 D:\xammp\htdocs\ileap_portal_new\system\Router\RouteCollection.php(750): CodeIgniter\CodeIgniter->Config\{closure}(Object(CodeIgniter\Router\RouteCollection))
#1 D:\xammp\htdocs\ileap_portal_new\app\Config\Routes.php(43): CodeIgniter\Router\RouteCollection->group('Admin', Array, Object(Closure))
#2 D:\xammp\htdocs\ileap_portal_new\system\CodeIgniter.php(776): require('D:\\xammp\\htdocs...')
#3 D:\xammp\htdocs\ileap_portal_new\system\CodeIgniter.php(360): CodeIgniter\CodeIgniter->tryToRouteIt(Object(CodeIgniter\Router\RouteCollection))
#4 D:\xammp\htdocs\ileap_portal_new\system\CodeIgniter.php(308): CodeIgniter\CodeIgniter->handleRequest(NULL, Object(Config\Cache), false)
#5 D:\xammp\htdocs\ileap_portal_new\index.php(45): CodeIgniter\CodeIgniter->run()
#6 {main}
CRITICAL - 2022-08-18 02:29:00 --> Call to undefined function Config\get()
#0 D:\xammp\htdocs\ileap_portal_new\system\Router\RouteCollection.php(750): CodeIgniter\CodeIgniter->Config\{closure}(Object(CodeIgniter\Router\RouteCollection))
#1 D:\xammp\htdocs\ileap_portal_new\app\Config\Routes.php(43): CodeIgniter\Router\RouteCollection->group('Admin', Array, Object(Closure))
#2 D:\xammp\htdocs\ileap_portal_new\system\CodeIgniter.php(776): require('D:\\xammp\\htdocs...')
#3 D:\xammp\htdocs\ileap_portal_new\system\CodeIgniter.php(360): CodeIgniter\CodeIgniter->tryToRouteIt(Object(CodeIgniter\Router\RouteCollection))
#4 D:\xammp\htdocs\ileap_portal_new\system\CodeIgniter.php(308): CodeIgniter\CodeIgniter->handleRequest(NULL, Object(Config\Cache), false)
#5 D:\xammp\htdocs\ileap_portal_new\index.php(45): CodeIgniter\CodeIgniter->run()
#6 {main}
CRITICAL - 2022-08-18 02:29:16 --> Call to undefined function Config\get()
#0 D:\xammp\htdocs\ileap_portal_new\system\Router\RouteCollection.php(750): CodeIgniter\CodeIgniter->Config\{closure}(Object(CodeIgniter\Router\RouteCollection))
#1 D:\xammp\htdocs\ileap_portal_new\app\Config\Routes.php(43): CodeIgniter\Router\RouteCollection->group('Admin', Array, Object(Closure))
#2 D:\xammp\htdocs\ileap_portal_new\system\CodeIgniter.php(776): require('D:\\xammp\\htdocs...')
#3 D:\xammp\htdocs\ileap_portal_new\system\CodeIgniter.php(360): CodeIgniter\CodeIgniter->tryToRouteIt(Object(CodeIgniter\Router\RouteCollection))
#4 D:\xammp\htdocs\ileap_portal_new\system\CodeIgniter.php(308): CodeIgniter\CodeIgniter->handleRequest(NULL, Object(Config\Cache), false)
#5 D:\xammp\htdocs\ileap_portal_new\index.php(45): CodeIgniter\CodeIgniter->run()
#6 {main}
CRITICAL - 2022-08-18 02:29:53 --> Call to undefined function Config\get()
#0 D:\xammp\htdocs\ileap_portal_new\system\Router\RouteCollection.php(750): CodeIgniter\CodeIgniter->Config\{closure}(Object(CodeIgniter\Router\RouteCollection))
#1 D:\xammp\htdocs\ileap_portal_new\app\Config\Routes.php(43): CodeIgniter\Router\RouteCollection->group('Admin', Array, Object(Closure))
#2 D:\xammp\htdocs\ileap_portal_new\system\CodeIgniter.php(776): require('D:\\xammp\\htdocs...')
#3 D:\xammp\htdocs\ileap_portal_new\system\CodeIgniter.php(360): CodeIgniter\CodeIgniter->tryToRouteIt(Object(CodeIgniter\Router\RouteCollection))
#4 D:\xammp\htdocs\ileap_portal_new\system\CodeIgniter.php(308): CodeIgniter\CodeIgniter->handleRequest(NULL, Object(Config\Cache), false)
#5 D:\xammp\htdocs\ileap_portal_new\index.php(45): CodeIgniter\CodeIgniter->run()
#6 {main}
CRITICAL - 2022-08-18 02:35:43 --> Call to undefined function Config\get()
#0 D:\xammp\htdocs\ileap_portal_new\system\Router\RouteCollection.php(750): CodeIgniter\CodeIgniter->Config\{closure}(Object(CodeIgniter\Router\RouteCollection))
#1 D:\xammp\htdocs\ileap_portal_new\app\Config\Routes.php(43): CodeIgniter\Router\RouteCollection->group('Admin', Array, Object(Closure))
#2 D:\xammp\htdocs\ileap_portal_new\system\CodeIgniter.php(776): require('D:\\xammp\\htdocs...')
#3 D:\xammp\htdocs\ileap_portal_new\system\CodeIgniter.php(360): CodeIgniter\CodeIgniter->tryToRouteIt(Object(CodeIgniter\Router\RouteCollection))
#4 D:\xammp\htdocs\ileap_portal_new\system\CodeIgniter.php(308): CodeIgniter\CodeIgniter->handleRequest(NULL, Object(Config\Cache), false)
#5 D:\xammp\htdocs\ileap_portal_new\index.php(45): CodeIgniter\CodeIgniter->run()
#6 {main}
CRITICAL - 2022-08-18 02:35:52 --> Call to undefined function Config\get()
#0 D:\xammp\htdocs\ileap_portal_new\system\Router\RouteCollection.php(750): CodeIgniter\CodeIgniter->Config\{closure}(Object(CodeIgniter\Router\RouteCollection))
#1 D:\xammp\htdocs\ileap_portal_new\app\Config\Routes.php(43): CodeIgniter\Router\RouteCollection->group('Admin', Array, Object(Closure))
#2 D:\xammp\htdocs\ileap_portal_new\system\CodeIgniter.php(776): require('D:\\xammp\\htdocs...')
#3 D:\xammp\htdocs\ileap_portal_new\system\CodeIgniter.php(360): CodeIgniter\CodeIgniter->tryToRouteIt(Object(CodeIgniter\Router\RouteCollection))
#4 D:\xammp\htdocs\ileap_portal_new\system\CodeIgniter.php(308): CodeIgniter\CodeIgniter->handleRequest(NULL, Object(Config\Cache), false)
#5 D:\xammp\htdocs\ileap_portal_new\index.php(45): CodeIgniter\CodeIgniter->run()
#6 {main}
CRITICAL - 2022-08-18 02:35:57 --> Call to undefined function Config\get()
#0 D:\xammp\htdocs\ileap_portal_new\system\Router\RouteCollection.php(750): CodeIgniter\CodeIgniter->Config\{closure}(Object(CodeIgniter\Router\RouteCollection))
#1 D:\xammp\htdocs\ileap_portal_new\app\Config\Routes.php(43): CodeIgniter\Router\RouteCollection->group('Admin', Array, Object(Closure))
#2 D:\xammp\htdocs\ileap_portal_new\system\CodeIgniter.php(776): require('D:\\xammp\\htdocs...')
#3 D:\xammp\htdocs\ileap_portal_new\system\CodeIgniter.php(360): CodeIgniter\CodeIgniter->tryToRouteIt(Object(CodeIgniter\Router\RouteCollection))
#4 D:\xammp\htdocs\ileap_portal_new\system\CodeIgniter.php(308): CodeIgniter\CodeIgniter->handleRequest(NULL, Object(Config\Cache), false)
#5 D:\xammp\htdocs\ileap_portal_new\index.php(45): CodeIgniter\CodeIgniter->run()
#6 {main}
CRITICAL - 2022-08-18 02:36:26 --> Call to undefined function Config\get()
#0 D:\xammp\htdocs\ileap_portal_new\system\Router\RouteCollection.php(750): CodeIgniter\CodeIgniter->Config\{closure}(Object(CodeIgniter\Router\RouteCollection))
#1 D:\xammp\htdocs\ileap_portal_new\app\Config\Routes.php(43): CodeIgniter\Router\RouteCollection->group('Admin', Array, Object(Closure))
#2 D:\xammp\htdocs\ileap_portal_new\system\CodeIgniter.php(776): require('D:\\xammp\\htdocs...')
#3 D:\xammp\htdocs\ileap_portal_new\system\CodeIgniter.php(360): CodeIgniter\CodeIgniter->tryToRouteIt(Object(CodeIgniter\Router\RouteCollection))
#4 D:\xammp\htdocs\ileap_portal_new\system\CodeIgniter.php(308): CodeIgniter\CodeIgniter->handleRequest(NULL, Object(Config\Cache), false)
#5 D:\xammp\htdocs\ileap_portal_new\index.php(45): CodeIgniter\CodeIgniter->run()
#6 {main}
CRITICAL - 2022-08-18 02:36:37 --> Call to undefined function Config\get()
#0 D:\xammp\htdocs\ileap_portal_new\system\Router\RouteCollection.php(750): CodeIgniter\CodeIgniter->Config\{closure}(Object(CodeIgniter\Router\RouteCollection))
#1 D:\xammp\htdocs\ileap_portal_new\app\Config\Routes.php(43): CodeIgniter\Router\RouteCollection->group('Admin', Array, Object(Closure))
#2 D:\xammp\htdocs\ileap_portal_new\system\CodeIgniter.php(776): require('D:\\xammp\\htdocs...')
#3 D:\xammp\htdocs\ileap_portal_new\system\CodeIgniter.php(360): CodeIgniter\CodeIgniter->tryToRouteIt(Object(CodeIgniter\Router\RouteCollection))
#4 D:\xammp\htdocs\ileap_portal_new\system\CodeIgniter.php(308): CodeIgniter\CodeIgniter->handleRequest(NULL, Object(Config\Cache), false)
#5 D:\xammp\htdocs\ileap_portal_new\index.php(45): CodeIgniter\CodeIgniter->run()
#6 {main}
CRITICAL - 2022-08-18 02:39:32 --> Call to undefined function Config\get()
#0 D:\xammp\htdocs\ileap_portal_new\system\Router\RouteCollection.php(750): CodeIgniter\CodeIgniter->Config\{closure}(Object(CodeIgniter\Router\RouteCollection))
#1 D:\xammp\htdocs\ileap_portal_new\app\Config\Routes.php(43): CodeIgniter\Router\RouteCollection->group('Admin', Array, Object(Closure))
#2 D:\xammp\htdocs\ileap_portal_new\system\CodeIgniter.php(776): require('D:\\xammp\\htdocs...')
#3 D:\xammp\htdocs\ileap_portal_new\system\CodeIgniter.php(360): CodeIgniter\CodeIgniter->tryToRouteIt(Object(CodeIgniter\Router\RouteCollection))
#4 D:\xammp\htdocs\ileap_portal_new\system\CodeIgniter.php(308): CodeIgniter\CodeIgniter->handleRequest(NULL, Object(Config\Cache), false)
#5 D:\xammp\htdocs\ileap_portal_new\index.php(45): CodeIgniter\CodeIgniter->run()
#6 {main}
CRITICAL - 2022-08-18 02:39:40 --> Call to undefined function Config\get()
#0 D:\xammp\htdocs\ileap_portal_new\system\Router\RouteCollection.php(750): CodeIgniter\CodeIgniter->Config\{closure}(Object(CodeIgniter\Router\RouteCollection))
#1 D:\xammp\htdocs\ileap_portal_new\app\Config\Routes.php(43): CodeIgniter\Router\RouteCollection->group('Admin', Array, Object(Closure))
#2 D:\xammp\htdocs\ileap_portal_new\system\CodeIgniter.php(776): require('D:\\xammp\\htdocs...')
#3 D:\xammp\htdocs\ileap_portal_new\system\CodeIgniter.php(360): CodeIgniter\CodeIgniter->tryToRouteIt(Object(CodeIgniter\Router\RouteCollection))
#4 D:\xammp\htdocs\ileap_portal_new\system\CodeIgniter.php(308): CodeIgniter\CodeIgniter->handleRequest(NULL, Object(Config\Cache), false)
#5 D:\xammp\htdocs\ileap_portal_new\index.php(45): CodeIgniter\CodeIgniter->run()
#6 {main}
CRITICAL - 2022-08-18 02:39:49 --> Call to undefined function Config\get()
#0 D:\xammp\htdocs\ileap_portal_new\system\Router\RouteCollection.php(750): CodeIgniter\CodeIgniter->Config\{closure}(Object(CodeIgniter\Router\RouteCollection))
#1 D:\xammp\htdocs\ileap_portal_new\app\Config\Routes.php(43): CodeIgniter\Router\RouteCollection->group('Admin', Array, Object(Closure))
#2 D:\xammp\htdocs\ileap_portal_new\system\CodeIgniter.php(776): require('D:\\xammp\\htdocs...')
#3 D:\xammp\htdocs\ileap_portal_new\system\CodeIgniter.php(360): CodeIgniter\CodeIgniter->tryToRouteIt(Object(CodeIgniter\Router\RouteCollection))
#4 D:\xammp\htdocs\ileap_portal_new\system\CodeIgniter.php(308): CodeIgniter\CodeIgniter->handleRequest(NULL, Object(Config\Cache), false)
#5 D:\xammp\htdocs\ileap_portal_new\index.php(45): CodeIgniter\CodeIgniter->run()
#6 {main}
CRITICAL - 2022-08-18 02:39:58 --> Call to undefined function Config\get()
#0 D:\xammp\htdocs\ileap_portal_new\system\Router\RouteCollection.php(750): CodeIgniter\CodeIgniter->Config\{closure}(Object(CodeIgniter\Router\RouteCollection))
#1 D:\xammp\htdocs\ileap_portal_new\app\Config\Routes.php(43): CodeIgniter\Router\RouteCollection->group('Admin', Array, Object(Closure))
#2 D:\xammp\htdocs\ileap_portal_new\system\CodeIgniter.php(776): require('D:\\xammp\\htdocs...')
#3 D:\xammp\htdocs\ileap_portal_new\system\CodeIgniter.php(360): CodeIgniter\CodeIgniter->tryToRouteIt(Object(CodeIgniter\Router\RouteCollection))
#4 D:\xammp\htdocs\ileap_portal_new\system\CodeIgniter.php(308): CodeIgniter\CodeIgniter->handleRequest(NULL, Object(Config\Cache), false)
#5 D:\xammp\htdocs\ileap_portal_new\index.php(45): CodeIgniter\CodeIgniter->run()
#6 {main}
CRITICAL - 2022-08-18 02:40:18 --> Call to undefined function Config\get()
#0 D:\xammp\htdocs\ileap_portal_new\system\Router\RouteCollection.php(750): CodeIgniter\CodeIgniter->Config\{closure}(Object(CodeIgniter\Router\RouteCollection))
#1 D:\xammp\htdocs\ileap_portal_new\app\Config\Routes.php(43): CodeIgniter\Router\RouteCollection->group('Admin', Array, Object(Closure))
#2 D:\xammp\htdocs\ileap_portal_new\system\CodeIgniter.php(776): require('D:\\xammp\\htdocs...')
#3 D:\xammp\htdocs\ileap_portal_new\system\CodeIgniter.php(360): CodeIgniter\CodeIgniter->tryToRouteIt(Object(CodeIgniter\Router\RouteCollection))
#4 D:\xammp\htdocs\ileap_portal_new\system\CodeIgniter.php(308): CodeIgniter\CodeIgniter->handleRequest(NULL, Object(Config\Cache), false)
#5 D:\xammp\htdocs\ileap_portal_new\index.php(45): CodeIgniter\CodeIgniter->run()
#6 {main}
CRITICAL - 2022-08-18 02:40:25 --> Call to undefined function Config\get()
#0 D:\xammp\htdocs\ileap_portal_new\system\Router\RouteCollection.php(750): CodeIgniter\CodeIgniter->Config\{closure}(Object(CodeIgniter\Router\RouteCollection))
#1 D:\xammp\htdocs\ileap_portal_new\app\Config\Routes.php(43): CodeIgniter\Router\RouteCollection->group('Admin', Array, Object(Closure))
#2 D:\xammp\htdocs\ileap_portal_new\system\CodeIgniter.php(776): require('D:\\xammp\\htdocs...')
#3 D:\xammp\htdocs\ileap_portal_new\system\CodeIgniter.php(360): CodeIgniter\CodeIgniter->tryToRouteIt(Object(CodeIgniter\Router\RouteCollection))
#4 D:\xammp\htdocs\ileap_portal_new\system\CodeIgniter.php(308): CodeIgniter\CodeIgniter->handleRequest(NULL, Object(Config\Cache), false)
#5 D:\xammp\htdocs\ileap_portal_new\index.php(45): CodeIgniter\CodeIgniter->run()
#6 {main}
CRITICAL - 2022-08-18 02:40:56 --> Call to undefined function Config\get()
#0 D:\xammp\htdocs\ileap_portal_new\system\Router\RouteCollection.php(750): CodeIgniter\CodeIgniter->Config\{closure}(Object(CodeIgniter\Router\RouteCollection))
#1 D:\xammp\htdocs\ileap_portal_new\app\Config\Routes.php(43): CodeIgniter\Router\RouteCollection->group('Admin', Array, Object(Closure))
#2 D:\xammp\htdocs\ileap_portal_new\system\CodeIgniter.php(776): require('D:\\xammp\\htdocs...')
#3 D:\xammp\htdocs\ileap_portal_new\system\CodeIgniter.php(360): CodeIgniter\CodeIgniter->tryToRouteIt(Object(CodeIgniter\Router\RouteCollection))
#4 D:\xammp\htdocs\ileap_portal_new\system\CodeIgniter.php(308): CodeIgniter\CodeIgniter->handleRequest(NULL, Object(Config\Cache), false)
#5 D:\xammp\htdocs\ileap_portal_new\index.php(45): CodeIgniter\CodeIgniter->run()
#6 {main}
CRITICAL - 2022-08-18 02:41:10 --> Call to undefined function Config\get()
#0 D:\xammp\htdocs\ileap_portal_new\system\Router\RouteCollection.php(750): CodeIgniter\CodeIgniter->Config\{closure}(Object(CodeIgniter\Router\RouteCollection))
#1 D:\xammp\htdocs\ileap_portal_new\app\Config\Routes.php(43): CodeIgniter\Router\RouteCollection->group('Admin', Array, Object(Closure))
#2 D:\xammp\htdocs\ileap_portal_new\system\CodeIgniter.php(776): require('D:\\xammp\\htdocs...')
#3 D:\xammp\htdocs\ileap_portal_new\system\CodeIgniter.php(360): CodeIgniter\CodeIgniter->tryToRouteIt(Object(CodeIgniter\Router\RouteCollection))
#4 D:\xammp\htdocs\ileap_portal_new\system\CodeIgniter.php(308): CodeIgniter\CodeIgniter->handleRequest(NULL, Object(Config\Cache), false)
#5 D:\xammp\htdocs\ileap_portal_new\index.php(45): CodeIgniter\CodeIgniter->run()
#6 {main}
CRITICAL - 2022-08-18 02:41:22 --> Call to undefined function Config\get()
#0 D:\xammp\htdocs\ileap_portal_new\system\Router\RouteCollection.php(750): CodeIgniter\CodeIgniter->Config\{closure}(Object(CodeIgniter\Router\RouteCollection))
#1 D:\xammp\htdocs\ileap_portal_new\app\Config\Routes.php(43): CodeIgniter\Router\RouteCollection->group('Admin', Array, Object(Closure))
#2 D:\xammp\htdocs\ileap_portal_new\system\CodeIgniter.php(776): require('D:\\xammp\\htdocs...')
#3 D:\xammp\htdocs\ileap_portal_new\system\CodeIgniter.php(360): CodeIgniter\CodeIgniter->tryToRouteIt(Object(CodeIgniter\Router\RouteCollection))
#4 D:\xammp\htdocs\ileap_portal_new\system\CodeIgniter.php(308): CodeIgniter\CodeIgniter->handleRequest(NULL, Object(Config\Cache), false)
#5 D:\xammp\htdocs\ileap_portal_new\index.php(45): CodeIgniter\CodeIgniter->run()
#6 {main}
CRITICAL - 2022-08-18 02:41:52 --> Call to undefined function Config\get()
#0 D:\xammp\htdocs\ileap_portal_new\system\Router\RouteCollection.php(750): CodeIgniter\CodeIgniter->Config\{closure}(Object(CodeIgniter\Router\RouteCollection))
#1 D:\xammp\htdocs\ileap_portal_new\app\Config\Routes.php(43): CodeIgniter\Router\RouteCollection->group('Admin', Array, Object(Closure))
#2 D:\xammp\htdocs\ileap_portal_new\system\CodeIgniter.php(776): require('D:\\xammp\\htdocs...')
#3 D:\xammp\htdocs\ileap_portal_new\system\CodeIgniter.php(360): CodeIgniter\CodeIgniter->tryToRouteIt(Object(CodeIgniter\Router\RouteCollection))
#4 D:\xammp\htdocs\ileap_portal_new\system\CodeIgniter.php(308): CodeIgniter\CodeIgniter->handleRequest(NULL, Object(Config\Cache), false)
#5 D:\xammp\htdocs\ileap_portal_new\index.php(45): CodeIgniter\CodeIgniter->run()
#6 {main}
CRITICAL - 2022-08-18 02:42:00 --> Call to undefined function Config\get()
#0 D:\xammp\htdocs\ileap_portal_new\system\Router\RouteCollection.php(750): CodeIgniter\CodeIgniter->Config\{closure}(Object(CodeIgniter\Router\RouteCollection))
#1 D:\xammp\htdocs\ileap_portal_new\app\Config\Routes.php(43): CodeIgniter\Router\RouteCollection->group('Admin', Array, Object(Closure))
#2 D:\xammp\htdocs\ileap_portal_new\system\CodeIgniter.php(776): require('D:\\xammp\\htdocs...')
#3 D:\xammp\htdocs\ileap_portal_new\system\CodeIgniter.php(360): CodeIgniter\CodeIgniter->tryToRouteIt(Object(CodeIgniter\Router\RouteCollection))
#4 D:\xammp\htdocs\ileap_portal_new\system\CodeIgniter.php(308): CodeIgniter\CodeIgniter->handleRequest(NULL, Object(Config\Cache), false)
#5 D:\xammp\htdocs\ileap_portal_new\index.php(45): CodeIgniter\CodeIgniter->run()
#6 {main}
CRITICAL - 2022-08-18 02:42:05 --> Call to undefined function Config\get()
#0 D:\xammp\htdocs\ileap_portal_new\system\Router\RouteCollection.php(750): CodeIgniter\CodeIgniter->Config\{closure}(Object(CodeIgniter\Router\RouteCollection))
#1 D:\xammp\htdocs\ileap_portal_new\app\Config\Routes.php(43): CodeIgniter\Router\RouteCollection->group('Admin', Array, Object(Closure))
#2 D:\xammp\htdocs\ileap_portal_new\system\CodeIgniter.php(776): require('D:\\xammp\\htdocs...')
#3 D:\xammp\htdocs\ileap_portal_new\system\CodeIgniter.php(360): CodeIgniter\CodeIgniter->tryToRouteIt(Object(CodeIgniter\Router\RouteCollection))
#4 D:\xammp\htdocs\ileap_portal_new\system\CodeIgniter.php(308): CodeIgniter\CodeIgniter->handleRequest(NULL, Object(Config\Cache), false)
#5 D:\xammp\htdocs\ileap_portal_new\index.php(45): CodeIgniter\CodeIgniter->run()
#6 {main}
CRITICAL - 2022-08-18 02:42:11 --> Call to undefined function Config\get()
#0 D:\xammp\htdocs\ileap_portal_new\system\Router\RouteCollection.php(750): CodeIgniter\CodeIgniter->Config\{closure}(Object(CodeIgniter\Router\RouteCollection))
#1 D:\xammp\htdocs\ileap_portal_new\app\Config\Routes.php(43): CodeIgniter\Router\RouteCollection->group('Admin', Array, Object(Closure))
#2 D:\xammp\htdocs\ileap_portal_new\system\CodeIgniter.php(776): require('D:\\xammp\\htdocs...')
#3 D:\xammp\htdocs\ileap_portal_new\system\CodeIgniter.php(360): CodeIgniter\CodeIgniter->tryToRouteIt(Object(CodeIgniter\Router\RouteCollection))
#4 D:\xammp\htdocs\ileap_portal_new\system\CodeIgniter.php(308): CodeIgniter\CodeIgniter->handleRequest(NULL, Object(Config\Cache), false)
#5 D:\xammp\htdocs\ileap_portal_new\index.php(45): CodeIgniter\CodeIgniter->run()
#6 {main}
CRITICAL - 2022-08-18 02:42:45 --> Call to undefined function Config\get()
#0 D:\xammp\htdocs\ileap_portal_new\system\Router\RouteCollection.php(750): CodeIgniter\CodeIgniter->Config\{closure}(Object(CodeIgniter\Router\RouteCollection))
#1 D:\xammp\htdocs\ileap_portal_new\app\Config\Routes.php(43): CodeIgniter\Router\RouteCollection->group('Admin', Array, Object(Closure))
#2 D:\xammp\htdocs\ileap_portal_new\system\CodeIgniter.php(776): require('D:\\xammp\\htdocs...')
#3 D:\xammp\htdocs\ileap_portal_new\system\CodeIgniter.php(360): CodeIgniter\CodeIgniter->tryToRouteIt(Object(CodeIgniter\Router\RouteCollection))
#4 D:\xammp\htdocs\ileap_portal_new\system\CodeIgniter.php(308): CodeIgniter\CodeIgniter->handleRequest(NULL, Object(Config\Cache), false)
#5 D:\xammp\htdocs\ileap_portal_new\index.php(45): CodeIgniter\CodeIgniter->run()
#6 {main}
CRITICAL - 2022-08-18 02:42:51 --> Call to undefined function Config\get()
#0 D:\xammp\htdocs\ileap_portal_new\system\Router\RouteCollection.php(750): CodeIgniter\CodeIgniter->Config\{closure}(Object(CodeIgniter\Router\RouteCollection))
#1 D:\xammp\htdocs\ileap_portal_new\app\Config\Routes.php(43): CodeIgniter\Router\RouteCollection->group('Admin', Array, Object(Closure))
#2 D:\xammp\htdocs\ileap_portal_new\system\CodeIgniter.php(776): require('D:\\xammp\\htdocs...')
#3 D:\xammp\htdocs\ileap_portal_new\system\CodeIgniter.php(360): CodeIgniter\CodeIgniter->tryToRouteIt(Object(CodeIgniter\Router\RouteCollection))
#4 D:\xammp\htdocs\ileap_portal_new\system\CodeIgniter.php(308): CodeIgniter\CodeIgniter->handleRequest(NULL, Object(Config\Cache), false)
#5 D:\xammp\htdocs\ileap_portal_new\index.php(45): CodeIgniter\CodeIgniter->run()
#6 {main}
CRITICAL - 2022-08-18 02:43:06 --> Call to undefined function Config\get()
#0 D:\xammp\htdocs\ileap_portal_new\system\Router\RouteCollection.php(750): CodeIgniter\CodeIgniter->Config\{closure}(Object(CodeIgniter\Router\RouteCollection))
#1 D:\xammp\htdocs\ileap_portal_new\app\Config\Routes.php(43): CodeIgniter\Router\RouteCollection->group('Admin', Array, Object(Closure))
#2 D:\xammp\htdocs\ileap_portal_new\system\CodeIgniter.php(776): require('D:\\xammp\\htdocs...')
#3 D:\xammp\htdocs\ileap_portal_new\system\CodeIgniter.php(360): CodeIgniter\CodeIgniter->tryToRouteIt(Object(CodeIgniter\Router\RouteCollection))
#4 D:\xammp\htdocs\ileap_portal_new\system\CodeIgniter.php(308): CodeIgniter\CodeIgniter->handleRequest(NULL, Object(Config\Cache), false)
#5 D:\xammp\htdocs\ileap_portal_new\index.php(45): CodeIgniter\CodeIgniter->run()
#6 {main}
CRITICAL - 2022-08-18 02:43:09 --> Call to undefined function Config\get()
#0 D:\xammp\htdocs\ileap_portal_new\system\Router\RouteCollection.php(750): CodeIgniter\CodeIgniter->Config\{closure}(Object(CodeIgniter\Router\RouteCollection))
#1 D:\xammp\htdocs\ileap_portal_new\app\Config\Routes.php(43): CodeIgniter\Router\RouteCollection->group('Admin', Array, Object(Closure))
#2 D:\xammp\htdocs\ileap_portal_new\system\CodeIgniter.php(776): require('D:\\xammp\\htdocs...')
#3 D:\xammp\htdocs\ileap_portal_new\system\CodeIgniter.php(360): CodeIgniter\CodeIgniter->tryToRouteIt(Object(CodeIgniter\Router\RouteCollection))
#4 D:\xammp\htdocs\ileap_portal_new\system\CodeIgniter.php(308): CodeIgniter\CodeIgniter->handleRequest(NULL, Object(Config\Cache), false)
#5 D:\xammp\htdocs\ileap_portal_new\index.php(45): CodeIgniter\CodeIgniter->run()
#6 {main}
CRITICAL - 2022-08-18 02:43:27 --> Call to undefined function Config\get()
#0 D:\xammp\htdocs\ileap_portal_new\system\Router\RouteCollection.php(750): CodeIgniter\CodeIgniter->Config\{closure}(Object(CodeIgniter\Router\RouteCollection))
#1 D:\xammp\htdocs\ileap_portal_new\app\Config\Routes.php(43): CodeIgniter\Router\RouteCollection->group('Admin', Array, Object(Closure))
#2 D:\xammp\htdocs\ileap_portal_new\system\CodeIgniter.php(776): require('D:\\xammp\\htdocs...')
#3 D:\xammp\htdocs\ileap_portal_new\system\CodeIgniter.php(360): CodeIgniter\CodeIgniter->tryToRouteIt(Object(CodeIgniter\Router\RouteCollection))
#4 D:\xammp\htdocs\ileap_portal_new\system\CodeIgniter.php(308): CodeIgniter\CodeIgniter->handleRequest(NULL, Object(Config\Cache), false)
#5 D:\xammp\htdocs\ileap_portal_new\index.php(45): CodeIgniter\CodeIgniter->run()
#6 {main}
CRITICAL - 2022-08-18 02:45:32 --> Call to undefined function Config\get()
#0 D:\xammp\htdocs\ileap_portal_new\system\Router\RouteCollection.php(750): CodeIgniter\CodeIgniter->Config\{closure}(Object(CodeIgniter\Router\RouteCollection))
#1 D:\xammp\htdocs\ileap_portal_new\app\Config\Routes.php(43): CodeIgniter\Router\RouteCollection->group('Admin', Array, Object(Closure))
#2 D:\xammp\htdocs\ileap_portal_new\system\CodeIgniter.php(776): require('D:\\xammp\\htdocs...')
#3 D:\xammp\htdocs\ileap_portal_new\system\CodeIgniter.php(360): CodeIgniter\CodeIgniter->tryToRouteIt(Object(CodeIgniter\Router\RouteCollection))
#4 D:\xammp\htdocs\ileap_portal_new\system\CodeIgniter.php(308): CodeIgniter\CodeIgniter->handleRequest(NULL, Object(Config\Cache), false)
#5 D:\xammp\htdocs\ileap_portal_new\index.php(45): CodeIgniter\CodeIgniter->run()
#6 {main}
CRITICAL - 2022-08-18 02:46:14 --> Call to undefined function Config\get()
#0 D:\xammp\htdocs\ileap_portal_new\system\Router\RouteCollection.php(750): CodeIgniter\CodeIgniter->Config\{closure}(Object(CodeIgniter\Router\RouteCollection))
#1 D:\xammp\htdocs\ileap_portal_new\app\Config\Routes.php(43): CodeIgniter\Router\RouteCollection->group('Admin', Array, Object(Closure))
#2 D:\xammp\htdocs\ileap_portal_new\system\CodeIgniter.php(776): require('D:\\xammp\\htdocs...')
#3 D:\xammp\htdocs\ileap_portal_new\system\CodeIgniter.php(360): CodeIgniter\CodeIgniter->tryToRouteIt(Object(CodeIgniter\Router\RouteCollection))
#4 D:\xammp\htdocs\ileap_portal_new\system\CodeIgniter.php(308): CodeIgniter\CodeIgniter->handleRequest(NULL, Object(Config\Cache), false)
#5 D:\xammp\htdocs\ileap_portal_new\index.php(45): CodeIgniter\CodeIgniter->run()
#6 {main}
CRITICAL - 2022-08-18 02:46:21 --> Call to undefined function Config\get()
#0 D:\xammp\htdocs\ileap_portal_new\system\Router\RouteCollection.php(750): CodeIgniter\CodeIgniter->Config\{closure}(Object(CodeIgniter\Router\RouteCollection))
#1 D:\xammp\htdocs\ileap_portal_new\app\Config\Routes.php(43): CodeIgniter\Router\RouteCollection->group('Admin', Array, Object(Closure))
#2 D:\xammp\htdocs\ileap_portal_new\system\CodeIgniter.php(776): require('D:\\xammp\\htdocs...')
#3 D:\xammp\htdocs\ileap_portal_new\system\CodeIgniter.php(360): CodeIgniter\CodeIgniter->tryToRouteIt(Object(CodeIgniter\Router\RouteCollection))
#4 D:\xammp\htdocs\ileap_portal_new\system\CodeIgniter.php(308): CodeIgniter\CodeIgniter->handleRequest(NULL, Object(Config\Cache), false)
#5 D:\xammp\htdocs\ileap_portal_new\index.php(45): CodeIgniter\CodeIgniter->run()
#6 {main}
CRITICAL - 2022-08-18 02:46:28 --> Call to undefined function Config\get()
#0 D:\xammp\htdocs\ileap_portal_new\system\Router\RouteCollection.php(750): CodeIgniter\CodeIgniter->Config\{closure}(Object(CodeIgniter\Router\RouteCollection))
#1 D:\xammp\htdocs\ileap_portal_new\app\Config\Routes.php(43): CodeIgniter\Router\RouteCollection->group('Admin', Array, Object(Closure))
#2 D:\xammp\htdocs\ileap_portal_new\system\CodeIgniter.php(776): require('D:\\xammp\\htdocs...')
#3 D:\xammp\htdocs\ileap_portal_new\system\CodeIgniter.php(360): CodeIgniter\CodeIgniter->tryToRouteIt(Object(CodeIgniter\Router\RouteCollection))
#4 D:\xammp\htdocs\ileap_portal_new\system\CodeIgniter.php(308): CodeIgniter\CodeIgniter->handleRequest(NULL, Object(Config\Cache), false)
#5 D:\xammp\htdocs\ileap_portal_new\index.php(45): CodeIgniter\CodeIgniter->run()
#6 {main}
CRITICAL - 2022-08-18 02:48:20 --> Column 'role_name' cannot be null
#0 D:\xammp\htdocs\ileap_portal_new\system\Database\MySQLi\Connection.php(331): mysqli->query('INSERT INTO `ro...')
#1 D:\xammp\htdocs\ileap_portal_new\system\Database\BaseConnection.php(738): CodeIgniter\Database\MySQLi\Connection->execute('INSERT INTO `ro...')
#2 D:\xammp\htdocs\ileap_portal_new\system\Database\BaseConnection.php(666): CodeIgniter\Database\BaseConnection->simpleQuery('INSERT INTO `ro...')
#3 D:\xammp\htdocs\ileap_portal_new\system\Database\BaseBuilder.php(2234): CodeIgniter\Database\BaseConnection->query('INSERT INTO `ro...', Array, false)
#4 D:\xammp\htdocs\ileap_portal_new\system\Model.php(729): CodeIgniter\Database\BaseBuilder->insert()
#5 D:\xammp\htdocs\ileap_portal_new\app\Controllers\Admin.php(56): CodeIgniter\Model->insert(Array)
#6 D:\xammp\htdocs\ileap_portal_new\system\CodeIgniter.php(914): App\Controllers\Admin->createroles()
#7 D:\xammp\htdocs\ileap_portal_new\system\CodeIgniter.php(400): CodeIgniter\CodeIgniter->runController(Object(App\Controllers\Admin))
#8 D:\xammp\htdocs\ileap_portal_new\system\CodeIgniter.php(308): CodeIgniter\CodeIgniter->handleRequest(NULL, Object(Config\Cache), false)
#9 D:\xammp\htdocs\ileap_portal_new\index.php(45): CodeIgniter\CodeIgniter->run()
#10 {main}
CRITICAL - 2022-08-18 02:51:12 --> Call to undefined function Config\get()
#0 D:\xammp\htdocs\ileap_portal_new\system\Router\RouteCollection.php(750): CodeIgniter\CodeIgniter->Config\{closure}(Object(CodeIgniter\Router\RouteCollection))
#1 D:\xammp\htdocs\ileap_portal_new\app\Config\Routes.php(43): CodeIgniter\Router\RouteCollection->group('Admin', Array, Object(Closure))
#2 D:\xammp\htdocs\ileap_portal_new\system\CodeIgniter.php(776): require('D:\\xammp\\htdocs...')
#3 D:\xammp\htdocs\ileap_portal_new\system\CodeIgniter.php(360): CodeIgniter\CodeIgniter->tryToRouteIt(Object(CodeIgniter\Router\RouteCollection))
#4 D:\xammp\htdocs\ileap_portal_new\system\CodeIgniter.php(308): CodeIgniter\CodeIgniter->handleRequest(NULL, Object(Config\Cache), false)
#5 D:\xammp\htdocs\ileap_portal_new\index.php(45): CodeIgniter\CodeIgniter->run()
#6 {main}
CRITICAL - 2022-08-18 02:51:16 --> Call to undefined function Config\get()
#0 D:\xammp\htdocs\ileap_portal_new\system\Router\RouteCollection.php(750): CodeIgniter\CodeIgniter->Config\{closure}(Object(CodeIgniter\Router\RouteCollection))
#1 D:\xammp\htdocs\ileap_portal_new\app\Config\Routes.php(43): CodeIgniter\Router\RouteCollection->group('Admin', Array, Object(Closure))
#2 D:\xammp\htdocs\ileap_portal_new\system\CodeIgniter.php(776): require('D:\\xammp\\htdocs...')
#3 D:\xammp\htdocs\ileap_portal_new\system\CodeIgniter.php(360): CodeIgniter\CodeIgniter->tryToRouteIt(Object(CodeIgniter\Router\RouteCollection))
#4 D:\xammp\htdocs\ileap_portal_new\system\CodeIgniter.php(308): CodeIgniter\CodeIgniter->handleRequest(NULL, Object(Config\Cache), false)
#5 D:\xammp\htdocs\ileap_portal_new\index.php(45): CodeIgniter\CodeIgniter->run()
#6 {main}
CRITICAL - 2022-08-18 02:52:08 --> Call to undefined function Config\get()
#0 D:\xammp\htdocs\ileap_portal_new\system\Router\RouteCollection.php(750): CodeIgniter\CodeIgniter->Config\{closure}(Object(CodeIgniter\Router\RouteCollection))
#1 D:\xammp\htdocs\ileap_portal_new\app\Config\Routes.php(43): CodeIgniter\Router\RouteCollection->group('Admin', Array, Object(Closure))
#2 D:\xammp\htdocs\ileap_portal_new\system\CodeIgniter.php(776): require('D:\\xammp\\htdocs...')
#3 D:\xammp\htdocs\ileap_portal_new\system\CodeIgniter.php(360): CodeIgniter\CodeIgniter->tryToRouteIt(Object(CodeIgniter\Router\RouteCollection))
#4 D:\xammp\htdocs\ileap_portal_new\system\CodeIgniter.php(308): CodeIgniter\CodeIgniter->handleRequest(NULL, Object(Config\Cache), false)
#5 D:\xammp\htdocs\ileap_portal_new\index.php(45): CodeIgniter\CodeIgniter->run()
#6 {main}
CRITICAL - 2022-08-18 02:52:17 --> Call to undefined function Config\get()
#0 D:\xammp\htdocs\ileap_portal_new\system\Router\RouteCollection.php(750): CodeIgniter\CodeIgniter->Config\{closure}(Object(CodeIgniter\Router\RouteCollection))
#1 D:\xammp\htdocs\ileap_portal_new\app\Config\Routes.php(43): CodeIgniter\Router\RouteCollection->group('Admin', Array, Object(Closure))
#2 D:\xammp\htdocs\ileap_portal_new\system\CodeIgniter.php(776): require('D:\\xammp\\htdocs...')
#3 D:\xammp\htdocs\ileap_portal_new\system\CodeIgniter.php(360): CodeIgniter\CodeIgniter->tryToRouteIt(Object(CodeIgniter\Router\RouteCollection))
#4 D:\xammp\htdocs\ileap_portal_new\system\CodeIgniter.php(308): CodeIgniter\CodeIgniter->handleRequest(NULL, Object(Config\Cache), false)
#5 D:\xammp\htdocs\ileap_portal_new\index.php(45): CodeIgniter\CodeIgniter->run()
#6 {main}
CRITICAL - 2022-08-18 02:52:22 --> Call to undefined function Config\get()
#0 D:\xammp\htdocs\ileap_portal_new\system\Router\RouteCollection.php(750): CodeIgniter\CodeIgniter->Config\{closure}(Object(CodeIgniter\Router\RouteCollection))
#1 D:\xammp\htdocs\ileap_portal_new\app\Config\Routes.php(43): CodeIgniter\Router\RouteCollection->group('Admin', Array, Object(Closure))
#2 D:\xammp\htdocs\ileap_portal_new\system\CodeIgniter.php(776): require('D:\\xammp\\htdocs...')
#3 D:\xammp\htdocs\ileap_portal_new\system\CodeIgniter.php(360): CodeIgniter\CodeIgniter->tryToRouteIt(Object(CodeIgniter\Router\RouteCollection))
#4 D:\xammp\htdocs\ileap_portal_new\system\CodeIgniter.php(308): CodeIgniter\CodeIgniter->handleRequest(NULL, Object(Config\Cache), false)
#5 D:\xammp\htdocs\ileap_portal_new\index.php(45): CodeIgniter\CodeIgniter->run()
#6 {main}
CRITICAL - 2022-08-18 02:54:46 --> Deletes are not allowed unless they contain a "where" or "like" clause.
#0 D:\xammp\htdocs\ileap_portal_new\system\Model.php(952): CodeIgniter\Database\BaseBuilder->delete()
#1 D:\xammp\htdocs\ileap_portal_new\app\Controllers\Members_new.php(117): CodeIgniter\Model->delete(NULL)
#2 D:\xammp\htdocs\ileap_portal_new\system\CodeIgniter.php(914): App\Controllers\Members_new->delete()
#3 D:\xammp\htdocs\ileap_portal_new\system\CodeIgniter.php(400): CodeIgniter\CodeIgniter->runController(Object(App\Controllers\Members_new))
#4 D:\xammp\htdocs\ileap_portal_new\system\CodeIgniter.php(308): CodeIgniter\CodeIgniter->handleRequest(NULL, Object(Config\Cache), false)
#5 D:\xammp\htdocs\ileap_portal_new\index.php(45): CodeIgniter\CodeIgniter->run()
#6 {main}
CRITICAL - 2022-08-18 02:55:09 --> Deletes are not allowed unless they contain a "where" or "like" clause.
#0 D:\xammp\htdocs\ileap_portal_new\system\Model.php(952): CodeIgniter\Database\BaseBuilder->delete()
#1 D:\xammp\htdocs\ileap_portal_new\app\Controllers\Members_new.php(117): CodeIgniter\Model->delete(NULL)
#2 D:\xammp\htdocs\ileap_portal_new\system\CodeIgniter.php(914): App\Controllers\Members_new->delete()
#3 D:\xammp\htdocs\ileap_portal_new\system\CodeIgniter.php(400): CodeIgniter\CodeIgniter->runController(Object(App\Controllers\Members_new))
#4 D:\xammp\htdocs\ileap_portal_new\system\CodeIgniter.php(308): CodeIgniter\CodeIgniter->handleRequest(NULL, Object(Config\Cache), false)
#5 D:\xammp\htdocs\ileap_portal_new\index.php(45): CodeIgniter\CodeIgniter->run()
#6 {main}
CRITICAL - 2022-08-18 05:13:45 --> Column 'module_name' cannot be null
#0 D:\xammp\htdocs\ileap_portal_new\system\Database\MySQLi\Connection.php(331): mysqli->query('INSERT INTO `mo...')
#1 D:\xammp\htdocs\ileap_portal_new\system\Database\BaseConnection.php(738): CodeIgniter\Database\MySQLi\Connection->execute('INSERT INTO `mo...')
#2 D:\xammp\htdocs\ileap_portal_new\system\Database\BaseConnection.php(666): CodeIgniter\Database\BaseConnection->simpleQuery('INSERT INTO `mo...')
#3 D:\xammp\htdocs\ileap_portal_new\system\Database\BaseBuilder.php(2234): CodeIgniter\Database\BaseConnection->query('INSERT INTO `mo...', Array, false)
#4 D:\xammp\htdocs\ileap_portal_new\system\Model.php(729): CodeIgniter\Database\BaseBuilder->insert()
#5 D:\xammp\htdocs\ileap_portal_new\app\Controllers\Admin.php(156): CodeIgniter\Model->insert(Array)
#6 D:\xammp\htdocs\ileap_portal_new\system\CodeIgniter.php(914): App\Controllers\Admin->createmodule()
#7 D:\xammp\htdocs\ileap_portal_new\system\CodeIgniter.php(400): CodeIgniter\CodeIgniter->runController(Object(App\Controllers\Admin))
#8 D:\xammp\htdocs\ileap_portal_new\system\CodeIgniter.php(308): CodeIgniter\CodeIgniter->handleRequest(NULL, Object(Config\Cache), false)
#9 D:\xammp\htdocs\ileap_portal_new\index.php(45): CodeIgniter\CodeIgniter->run()
#10 {main}
CRITICAL - 2022-08-18 06:48:01 --> Column 'session_title' cannot be null
#0 D:\xammp\htdocs\ileap_portal_new\system\Database\MySQLi\Connection.php(331): mysqli->query('INSERT INTO `se...')
#1 D:\xammp\htdocs\ileap_portal_new\system\Database\BaseConnection.php(738): CodeIgniter\Database\MySQLi\Connection->execute('INSERT INTO `se...')
#2 D:\xammp\htdocs\ileap_portal_new\system\Database\BaseConnection.php(666): CodeIgniter\Database\BaseConnection->simpleQuery('INSERT INTO `se...')
#3 D:\xammp\htdocs\ileap_portal_new\system\Database\BaseBuilder.php(2234): CodeIgniter\Database\BaseConnection->query('INSERT INTO `se...', Array, false)
#4 D:\xammp\htdocs\ileap_portal_new\system\Model.php(729): CodeIgniter\Database\BaseBuilder->insert()
#5 D:\xammp\htdocs\ileap_portal_new\app\Controllers\Admin.php(205): CodeIgniter\Model->insert(Array)
#6 D:\xammp\htdocs\ileap_portal_new\system\CodeIgniter.php(914): App\Controllers\Admin->createsession()
#7 D:\xammp\htdocs\ileap_portal_new\system\CodeIgniter.php(400): CodeIgniter\CodeIgniter->runController(Object(App\Controllers\Admin))
#8 D:\xammp\htdocs\ileap_portal_new\system\CodeIgniter.php(308): CodeIgniter\CodeIgniter->handleRequest(NULL, Object(Config\Cache), false)
#9 D:\xammp\htdocs\ileap_portal_new\index.php(45): CodeIgniter\CodeIgniter->run()
#10 {main}
CRITICAL - 2022-08-18 06:48:08 --> Column 'session_title' cannot be null
#0 D:\xammp\htdocs\ileap_portal_new\system\Database\MySQLi\Connection.php(331): mysqli->query('INSERT INTO `se...')
#1 D:\xammp\htdocs\ileap_portal_new\system\Database\BaseConnection.php(738): CodeIgniter\Database\MySQLi\Connection->execute('INSERT INTO `se...')
#2 D:\xammp\htdocs\ileap_portal_new\system\Database\BaseConnection.php(666): CodeIgniter\Database\BaseConnection->simpleQuery('INSERT INTO `se...')
#3 D:\xammp\htdocs\ileap_portal_new\system\Database\BaseBuilder.php(2234): CodeIgniter\Database\BaseConnection->query('INSERT INTO `se...', Array, false)
#4 D:\xammp\htdocs\ileap_portal_new\system\Model.php(729): CodeIgniter\Database\BaseBuilder->insert()
#5 D:\xammp\htdocs\ileap_portal_new\app\Controllers\Admin.php(205): CodeIgniter\Model->insert(Array)
#6 D:\xammp\htdocs\ileap_portal_new\system\CodeIgniter.php(914): App\Controllers\Admin->createsession()
#7 D:\xammp\htdocs\ileap_portal_new\system\CodeIgniter.php(400): CodeIgniter\CodeIgniter->runController(Object(App\Controllers\Admin))
#8 D:\xammp\htdocs\ileap_portal_new\system\CodeIgniter.php(308): CodeIgniter\CodeIgniter->handleRequest(NULL, Object(Config\Cache), false)
#9 D:\xammp\htdocs\ileap_portal_new\index.php(45): CodeIgniter\CodeIgniter->run()
#10 {main}
CRITICAL - 2022-08-18 06:48:13 --> Column 'session_title' cannot be null
#0 D:\xammp\htdocs\ileap_portal_new\system\Database\MySQLi\Connection.php(331): mysqli->query('INSERT INTO `se...')
#1 D:\xammp\htdocs\ileap_portal_new\system\Database\BaseConnection.php(738): CodeIgniter\Database\MySQLi\Connection->execute('INSERT INTO `se...')
#2 D:\xammp\htdocs\ileap_portal_new\system\Database\BaseConnection.php(666): CodeIgniter\Database\BaseConnection->simpleQuery('INSERT INTO `se...')
#3 D:\xammp\htdocs\ileap_portal_new\system\Database\BaseBuilder.php(2234): CodeIgniter\Database\BaseConnection->query('INSERT INTO `se...', Array, false)
#4 D:\xammp\htdocs\ileap_portal_new\system\Model.php(729): CodeIgniter\Database\BaseBuilder->insert()
#5 D:\xammp\htdocs\ileap_portal_new\app\Controllers\Admin.php(205): CodeIgniter\Model->insert(Array)
#6 D:\xammp\htdocs\ileap_portal_new\system\CodeIgniter.php(914): App\Controllers\Admin->createsession()
#7 D:\xammp\htdocs\ileap_portal_new\system\CodeIgniter.php(400): CodeIgniter\CodeIgniter->runController(Object(App\Controllers\Admin))
#8 D:\xammp\htdocs\ileap_portal_new\system\CodeIgniter.php(308): CodeIgniter\CodeIgniter->handleRequest(NULL, Object(Config\Cache), false)
#9 D:\xammp\htdocs\ileap_portal_new\index.php(45): CodeIgniter\CodeIgniter->run()
#10 {main}
